<?xml version="1.0" encoding="UTF-8"?>
<persistence xmlns="http://xmlns.jcp.org/xml/ns/persistence"
             xmlns:xsi="http://www.w3.org/2001/XMLSchema-instance"
             xsi:schemaLocation="http://xmlns.jcp.org/xml/ns/persistence http://xmlns.jcp.org/xml/ns/persistence/persistence_2_1.xsd"
             version="2.1">

	<persistence-unit name="monitorPU" transaction-type="JTA">
		<provider>org.hibernate.jpa.HibernatePersistenceProvider</provider>
		
		<jta-data-source>jdbc/monitorDS</jta-data-source>
		<properties>
			<property name="hibernate.hbm2ddl.auto" value="create-drop" />
		</properties>
	</persistence-unit>

</persistence>
