<?xml version="1.0" encoding="UTF-8"?>
<datasources xmlns="http://www.jboss.org/ironjacamar/schema"
    xmlns:xsi="http://www.w3.org/2001/XMLSchema-instance"
    xsi:schemaLocation="
        http://www.jboss.org/ironjacamar/schema
        http://docs.jboss.org/ironjacamar/schema/datasources_1_0.xsd">

 	<xa-datasource jndi-name="jdbc/monitorDS" pool-name="testPoolName">
		<xa-datasource-property name="URL">jdbc:h2:mem:test;DB_CLOSE_DELAY=-1</xa-datasource-property>
		<xa-datasource-class>org.h2.jdbcx.JdbcDataSource</xa-datasource-class>
		<driver>h2</driver>
		<security>
			<user-name>sa</user-name>
			<password>sa</password>	
		</security>
	</xa-datasource>

</datasources>